[{"Plan": {"Node Type": "Gather", "Parallel Aware": false, "Startup Cost": 1000.15, "Total Cost": 100025.58, "Plan Rows": 194175, "Plan Width": 1009, "Actual Startup Time": 4.766, "Actual Total Time": 407.387, "Actual Rows": 6197, "Actual Loops": 1, "Output": ["c.id", "c.geom", "c.fid", "c.fid_1", "c.finca", "c.derecho", "c.distrito", "c.plano_cata", "c.direccion", "c.declara", "c.declaracio", "c.localizaci", "c.codigo", "c.tipo_inscr", "c.\"AreaGeom\"", "c.\"geomS\"", "p.id", "p.geom5367", "p.gid", "p.fid", "p.fid_1", "p.finca", "p.tipo", "p.patente", "p.contribuye", "p.negocio", "p.actividad", "p.geom"], "Workers Planned": 2, "Workers Launched": 2, "Single Copy": false, "Plans": [{"Node Type": "Nested Loop", "Parent Relationship": "Outer", "Parallel Aware": false, "Join Type": "Inner", "Startup Cost": 0.15, "Total Cost": 79608.08, "Plan Rows": 80906, "Plan Width": 1009, "Actual Startup Time": 1.242, "Actual Total Time": 371.103, "Actual Rows": 2066, "Actual Loops": 3, "Output": ["c.id", "c.geom", "c.fid", "c.fid_1", "c.finca", "c.derecho", "c.distrito", "c.plano_cata", "c.direccion", "c.declara", "c.declaracio", "c.localizaci", "c.codigo", "c.tipo_inscr", "c.\"AreaGeom\"", "c.\"geomS\"", "p.id", "p.geom5367", "p.gid", "p.fid", "p.fid_1", "p.finca", "p.tipo", "p.patente", "p.contribuye", "p.negocio", "p.actividad", "p.geom"], "Inner Unique": false, "Workers": [{"Worker Number": 0, "Actual Startup Time": 0.807, "Actual Total Time": 354.299, "Actual Rows": 1797, "Actual Loops": 1}, {"Worker Number": 1, "Actual Startup Time": 0.221, "Actual Total Time": 359.825, "Actual Rows": 2710, "Actual Loops": 1}], "Plans": [{"Node Type": "Seq Scan", "Parent Relationship": "Outer", "Parallel Aware": true, "Relation Name": "catastro_municipal", "Schema": "optimizacion", "Alias": "c", "Startup Cost": 0.0, "Total Cost": 7081.35, "Plan Rows": 35335, "Plan Width": 792, "Actual Startup Time": 0.018, "Actual Total Time": 7.608, "Actual Rows": 28268, "Actual Loops": 3, "Output": ["c.id", "c.geom", "c.fid", "c.fid_1", "c.finca", "c.derecho", "c.distrito", "c.plano_cata", "c.direccion", "c.declara", "c.declaracio", "c.localizaci", "c.codigo", "c.tipo_inscr", "c.\"AreaGeom\"", "c.\"geomS\""], "Workers": [{"Worker Number": 0, "Actual Startup Time": 0.007, "Actual Total Time": 7.453, "Actual Rows": 22806, "Actual Loops": 1}, {"Worker Number": 1, "Actual Startup Time": 0.007, "Actual Total Time": 7.313, "Actual Rows": 38459, "Actual Loops": 1}]}, {"Node Type": "Index Scan", "Parent Relationship": "Inner", "Parallel Aware": false, "Scan Direction": "NoMovement", "Index Name": "sidx_patentes.geom5367_geom5367", "Relation Name": "patentes", "Schema": "optimizacion", "Alias": "p", "Startup Cost": 0.15, "Total Cost": 2.03, "Plan Rows": 2, "Plan Width": 217, "Actual Startup Time": 0.012, "Actual Total Time": 0.013, "Actual Rows": 0, "Actual Loops": 84805, "Output": ["p.id", "p.geom5367", "p.gid", "p.fid", "p.fid_1", "p.finca", "p.tipo", "p.patente", "p.contribuye", "p.negocio", "p.actividad", "p.geom"], "Index Cond": "(c.geom ~ p.geom5367)", "Rows Removed by Index Recheck": 0, "Filter": "_st_contains(c.geom, p.geom5367)", "Rows Removed by Filter": 0, "Workers": [{"Worker Number": 0, "Actual Startup Time": 0.015, "Actual Total Time": 0.015, "Actual Rows": 0, "Actual Loops": 22806}, {"Worker Number": 1, "Actual Startup Time": 0.009, "Actual Total Time": 0.009, "Actual Rows": 0, "Actual Loops": 38459}]}]}], "Indexes usage": {"optimizacion.catastro_municipal": {"catastro_municipal_pkey": "Not used", "sidx_catastro_municipal_geom": "Not used"}, "optimizacion.patentes": {"idx_contibuye_petentes": "Not used", "idx_contibuye_petentes_hash": "Not used", "patentes.geom5367_pkey": "Not used", "sidx_patentes.geom5367_geom5367": "Used"}}}, "Planning Time": 0.817, "Triggers": [], "Execution Time": 408.032}]